<?xml version="1.0" encoding="UTF-8"?>
<testng-results skipped="0" failed="0" ignored="0" total="1" passed="1">
  <reporter-output>
  </reporter-output>
  <suite name="Default suite" duration-ms="8349" started-at="2018-09-13T21:06:52Z" finished-at="2018-09-13T21:07:01Z">
    <groups>
    </groups>
    <test name="Default test" duration-ms="8349" started-at="2018-09-13T21:06:52Z" finished-at="2018-09-13T21:07:01Z">
      <class name="grip.gripTest">
        <test-method status="PASS" signature="launchGrip()[pri:0, instance:grip.gripTest@b3d7190]" name="launchGrip" duration-ms="8333" started-at="2018-09-13T21:06:52Z" finished-at="2018-09-13T21:07:01Z">
          <reporter-output>
          </reporter-output>
        </test-method> <!-- launchGrip -->
      </class> <!-- grip.gripTest -->
    </test> <!-- Default test -->
  </suite> <!-- Default suite -->
</testng-results>
